<?xml version="1.0" encoding="UTF-8"?>
<!-- Generated by org.testng.reporters.JUnitReportReporter -->
<testsuite hostname="LAPTOP-16HE0LBF" failures="0" tests="1" name="operations.GitPrograms" time="21.049" errors="0" timestamp="30 May 2024 12:30:00 GMT" skipped="0">
  <testcase classname="operations.GitPrograms" name="setup" time="21.049"/>
</testsuite> <!-- operations.GitPrograms -->
